<?xml version="1.0" encoding="UTF-8" ?>
<testsuite tests="5" failures="0" name="stepDefination.TestRunner" time="102.487" errors="0" skipped="0">
  <properties>
[...]
</properties>
  <testcase classname="This feature would be used to design the login page of the application" name="Validate the succesful login" time="24.79"/>
  <testcase classname="This feature would be used to design the login page of the application" name="Validate the succesful login using test data" time="19.869"/>
  <testcase classname="This feature would be used to design the login page of the application" name="Validate the succesful login using multiple test data" time="18.269"/>
  <testcase classname="This feature would be used to design the login page of the application" name="Validate the succesful login using multiple test data" time="20.267"/>
  <testcase classname="This feature would be used to design the login page of the application" name="Validate the unsuccesfulllogin" time="19.292"/>
</testsuite>